
--- 2023-11-22T16:24:43.641Z debug
🐛 Writing logs to ".wrangler/logs/wrangler-2023-11-22_16-24-43_583.log"
---

--- 2023-11-22T16:24:43.641Z debug
Failed to load .env file ".env": Error: ENOENT: no such file or directory, open '.env'
    at Object.openSync (node:fs:581:18)
    at Object.readFileSync (node:fs:457:35)
    at tryLoadDotEnv (/Users/logangrasby/.nvm/versions/node/v21.1.0/lib/node_modules/wrangler/wrangler-dist/cli.js:122671:72)
    at loadDotEnv (/Users/logangrasby/.nvm/versions/node/v21.1.0/lib/node_modules/wrangler/wrangler-dist/cli.js:122680:12)
    at /Users/logangrasby/.nvm/versions/node/v21.1.0/lib/node_modules/wrangler/wrangler-dist/cli.js:146614:20
    at /Users/logangrasby/.nvm/versions/node/v21.1.0/lib/node_modules/wrangler/wrangler-dist/cli.js:130116:16
    at maybeAsyncResult (/Users/logangrasby/.nvm/versions/node/v21.1.0/lib/node_modules/wrangler/wrangler-dist/cli.js:128337:44)
    at /Users/logangrasby/.nvm/versions/node/v21.1.0/lib/node_modules/wrangler/wrangler-dist/cli.js:130115:14
    at /Users/logangrasby/.nvm/versions/node/v21.1.0/lib/node_modules/wrangler/wrangler-dist/cli.js:128324:22
    at Array.reduce (<anonymous>) {
  errno: -2,
  code: 'ENOENT',
  syscall: 'open',
  path: '.env'
}
---

--- 2023-11-22T16:24:43.647Z log
 ⛅️ wrangler 3.17.0
[38;2;255;136;0m-------------------[39m
---

--- 2023-11-22T16:24:43.678Z warn
[33m▲ [43;33m[[43;30mWARNING[43;33m][0m [1mThe entrypoint src/index.js has exports like an ES Module, but hasn't defined a default export like a module worker normally would. Building the worker using "service-worker" format...[0m


---

--- 2023-11-22T16:24:43.679Z debug
Retrieving cached values for userId from node_modules/.cache/wrangler
---

--- 2023-11-22T16:24:43.679Z debug
Metrics dispatcher: Dispatching disabled - would have sent {"type":"event","name":"run dev","properties":{"local":false,"usesTypeScript":false}}.
---

--- 2023-11-22T16:24:43.679Z debug
Failed to load .env file "/Users/logangrasby/Desktop/AzuleAgentGen/cloudgen/.dev.vars": Error: ENOENT: no such file or directory, open '/Users/logangrasby/Desktop/AzuleAgentGen/cloudgen/.dev.vars'
    at Object.openSync (node:fs:581:18)
    at Object.readFileSync (node:fs:457:35)
    at tryLoadDotEnv (/Users/logangrasby/.nvm/versions/node/v21.1.0/lib/node_modules/wrangler/wrangler-dist/cli.js:122671:72)
    at loadDotEnv (/Users/logangrasby/.nvm/versions/node/v21.1.0/lib/node_modules/wrangler/wrangler-dist/cli.js:122680:12)
    at getVarsForDev (/Users/logangrasby/.nvm/versions/node/v21.1.0/lib/node_modules/wrangler/wrangler-dist/cli.js:150297:18)
    at getBindings (/Users/logangrasby/.nvm/versions/node/v21.1.0/lib/node_modules/wrangler/wrangler-dist/cli.js:151219:10)
    at getBindingsAndAssetPaths (/Users/logangrasby/.nvm/versions/node/v21.1.0/lib/node_modules/wrangler/wrangler-dist/cli.js:151176:20)
    at getDevReactElement (/Users/logangrasby/.nvm/versions/node/v21.1.0/lib/node_modules/wrangler/wrangler-dist/cli.js:150840:40)
    at startDev (/Users/logangrasby/.nvm/versions/node/v21.1.0/lib/node_modules/wrangler/wrangler-dist/cli.js:150903:60)
    at process.processTicksAndRejections (node:internal/process/task_queues:95:5) {
  errno: -2,
  code: 'ENOENT',
  syscall: 'open',
  path: '/Users/logangrasby/Desktop/AzuleAgentGen/cloudgen/.dev.vars'
}
---

--- 2023-11-22T16:24:43.679Z log
Your worker has access to the following bindings:
- AI:
  - Name: AI
---

--- 2023-11-22T16:24:43.704Z debug
-- START CF API REQUEST: GET https://api.cloudflare.com/client/v4/accounts/d774efb67580065db389a53e38f58372/workers/subdomain/edge-preview
---

--- 2023-11-22T16:24:43.704Z debug
HEADERS: omitted; set WRANGLER_LOG_SANITIZE=false to include sanitized data
---

--- 2023-11-22T16:24:43.704Z debug
INIT: omitted; set WRANGLER_LOG_SANITIZE=false to include sanitized data
---

--- 2023-11-22T16:24:43.704Z debug
-- END CF API REQUEST
---

--- 2023-11-22T16:24:43.710Z log
⬣ Listening at http://*:8787
---

--- 2023-11-22T16:24:43.710Z log
- http://127.0.0.1:8787
---

--- 2023-11-22T16:24:43.710Z log
- http://10.0.0.253:8787
---

--- 2023-11-22T16:24:43.711Z log
- http://localhost:8787
---

--- 2023-11-22T16:24:43.711Z log
- http://[::1]:8787
---

--- 2023-11-22T16:24:44.082Z debug
-- START CF API RESPONSE: OK 200
---

--- 2023-11-22T16:24:44.082Z debug
HEADERS: omitted; set WRANGLER_LOG_SANITIZE=false to include sanitized data
---

--- 2023-11-22T16:24:44.082Z debug
RESPONSE: omitted; set WRANGLER_LOG_SANITIZE=false to include sanitized data
---

--- 2023-11-22T16:24:44.082Z debug
-- END CF API RESPONSE
---

--- 2023-11-22T16:24:44.083Z debug
-- START EXCHANGE API REQUEST: omitted; set WRANGLER_LOG_SANITIZE=false to include sanitized data
---

--- 2023-11-22T16:24:44.083Z debug
-- END EXCHANGE API REQUEST
---

--- 2023-11-22T16:24:44.446Z debug
-- START EXCHANGE API RESPONSE: OK 200
---

--- 2023-11-22T16:24:44.446Z debug
HEADERS: {}
---

--- 2023-11-22T16:24:44.446Z debug
RESPONSE: omitted; set WRANGLER_LOG_SANITIZE=false to include sanitized data
---

--- 2023-11-22T16:24:44.446Z debug
-- END EXCHANGE API RESPONSE
---

--- 2023-11-22T16:24:44.453Z log
Total Upload: [32m111.03 KiB / gzip: 22.46 KiB[39m
---

--- 2023-11-22T16:24:44.454Z debug
-- START CF API REQUEST: POST https://api.cloudflare.com/client/v4/accounts/d774efb67580065db389a53e38f58372/workers/scripts/cloudgen/edge-preview
---

--- 2023-11-22T16:24:44.454Z debug
HEADERS: omitted; set WRANGLER_LOG_SANITIZE=false to include sanitized data
---

--- 2023-11-22T16:24:44.454Z debug
INIT: omitted; set WRANGLER_LOG_SANITIZE=false to include sanitized data
---

--- 2023-11-22T16:24:44.454Z debug
-- END CF API REQUEST
---

--- 2023-11-22T16:24:45.567Z debug
-- START CF API RESPONSE: Bad Request 400
---

--- 2023-11-22T16:24:45.567Z debug
HEADERS: omitted; set WRANGLER_LOG_SANITIZE=false to include sanitized data
---

--- 2023-11-22T16:24:45.567Z debug
RESPONSE: omitted; set WRANGLER_LOG_SANITIZE=false to include sanitized data
---

--- 2023-11-22T16:24:45.567Z debug
-- END CF API RESPONSE
---

--- 2023-11-22T16:24:45.571Z error
[31m✘ [41;31m[[41;97mERROR[41;31m][0m [1mError on remote worker: ParseError: A request to the Cloudflare API (/accounts/d774efb67580065db389a53e38f58372/workers/scripts/cloudgen/edge-preview) failed.[0m

      at throwFetchError
  (/Users/logangrasby/.nvm/versions/node/v21.1.0/lib/node_modules/wrangler/wrangler-dist/cli.js:119630:17)
      at fetchResult
  (/Users/logangrasby/.nvm/versions/node/v21.1.0/lib/node_modules/wrangler/wrangler-dist/cli.js:119549:5)
      at process.processTicksAndRejections (node:internal/process/task_queues:95:5)
      at async createPreviewToken
  (/Users/logangrasby/.nvm/versions/node/v21.1.0/lib/node_modules/wrangler/wrangler-dist/cli.js:149201:29)
      at async createWorkerPreview
  (/Users/logangrasby/.nvm/versions/node/v21.1.0/lib/node_modules/wrangler/wrangler-dist/cli.js:149222:17)
      at async start
  (/Users/logangrasby/.nvm/versions/node/v21.1.0/lib/node_modules/wrangler/wrangler-dist/cli.js:149428:34)
  {
    text: 'A request to the Cloudflare API
  (/accounts/d774efb67580065db389a53e38f58372/workers/scripts/cloudgen/edge-preview) failed.',
    notes: [
      {
        text: 'No event handlers were registered. This script does nothing.\n' +
          ' [code: 10021]'
      }
    ],
    location: undefined,
    kind: 'error',
    code: 10021
  }


---
