
--- 2023-11-22T16:32:24.541Z debug
🐛 Writing logs to ".wrangler/logs/wrangler-2023-11-22_16-32-24_481.log"
---

--- 2023-11-22T16:32:24.541Z debug
Failed to load .env file ".env": Error: ENOENT: no such file or directory, open '.env'
    at Object.openSync (node:fs:581:18)
    at Object.readFileSync (node:fs:457:35)
    at tryLoadDotEnv (/Users/logangrasby/.nvm/versions/node/v21.1.0/lib/node_modules/wrangler/wrangler-dist/cli.js:122671:72)
    at loadDotEnv (/Users/logangrasby/.nvm/versions/node/v21.1.0/lib/node_modules/wrangler/wrangler-dist/cli.js:122680:12)
    at /Users/logangrasby/.nvm/versions/node/v21.1.0/lib/node_modules/wrangler/wrangler-dist/cli.js:146614:20
    at /Users/logangrasby/.nvm/versions/node/v21.1.0/lib/node_modules/wrangler/wrangler-dist/cli.js:130116:16
    at maybeAsyncResult (/Users/logangrasby/.nvm/versions/node/v21.1.0/lib/node_modules/wrangler/wrangler-dist/cli.js:128337:44)
    at /Users/logangrasby/.nvm/versions/node/v21.1.0/lib/node_modules/wrangler/wrangler-dist/cli.js:130115:14
    at /Users/logangrasby/.nvm/versions/node/v21.1.0/lib/node_modules/wrangler/wrangler-dist/cli.js:128324:22
    at Array.reduce (<anonymous>) {
  errno: -2,
  code: 'ENOENT',
  syscall: 'open',
  path: '.env'
}
---

--- 2023-11-22T16:32:24.547Z log
 ⛅️ wrangler 3.17.0
[38;2;255;136;0m-------------------[39m
---

--- 2023-11-22T16:32:24.555Z debug
Retrieving cached values for userId from ../node_modules/.cache/wrangler
---

--- 2023-11-22T16:32:24.555Z debug
Metrics dispatcher: Dispatching disabled - would have sent {"type":"event","name":"deploy worker script","properties":{"usesTypeScript":false}}.
---

--- 2023-11-22T16:32:24.556Z debug
-- START CF API REQUEST: GET https://api.cloudflare.com/client/v4/accounts/d774efb67580065db389a53e38f58372/workers/standard
---

--- 2023-11-22T16:32:24.556Z debug
HEADERS: omitted; set WRANGLER_LOG_SANITIZE=false to include sanitized data
---

--- 2023-11-22T16:32:24.556Z debug
INIT: omitted; set WRANGLER_LOG_SANITIZE=false to include sanitized data
---

--- 2023-11-22T16:32:24.556Z debug
-- END CF API REQUEST
---

--- 2023-11-22T16:32:25.360Z debug
-- START CF API RESPONSE: OK 200
---

--- 2023-11-22T16:32:25.360Z debug
HEADERS: omitted; set WRANGLER_LOG_SANITIZE=false to include sanitized data
---

--- 2023-11-22T16:32:25.360Z debug
RESPONSE: omitted; set WRANGLER_LOG_SANITIZE=false to include sanitized data
---

--- 2023-11-22T16:32:25.360Z debug
-- END CF API RESPONSE
---

--- 2023-11-22T16:32:25.361Z debug
-- START CF API REQUEST: GET https://api.cloudflare.com/client/v4/accounts/d774efb67580065db389a53e38f58372/workers/services/cloudgentest
---

--- 2023-11-22T16:32:25.361Z debug
HEADERS: omitted; set WRANGLER_LOG_SANITIZE=false to include sanitized data
---

--- 2023-11-22T16:32:25.361Z debug
INIT: omitted; set WRANGLER_LOG_SANITIZE=false to include sanitized data
---

--- 2023-11-22T16:32:25.361Z debug
-- END CF API REQUEST
---

--- 2023-11-22T16:32:25.553Z debug
-- START CF API RESPONSE: OK 200
---

--- 2023-11-22T16:32:25.553Z debug
HEADERS: omitted; set WRANGLER_LOG_SANITIZE=false to include sanitized data
---

--- 2023-11-22T16:32:25.553Z debug
RESPONSE: omitted; set WRANGLER_LOG_SANITIZE=false to include sanitized data
---

--- 2023-11-22T16:32:25.553Z debug
-- END CF API RESPONSE
---

--- 2023-11-22T16:32:25.575Z debug
-- START CF API REQUEST: GET https://api.cloudflare.com/client/v4/accounts/d774efb67580065db389a53e38f58372/workers/scripts
---

--- 2023-11-22T16:32:25.575Z debug
HEADERS: omitted; set WRANGLER_LOG_SANITIZE=false to include sanitized data
---

--- 2023-11-22T16:32:25.575Z debug
INIT: omitted; set WRANGLER_LOG_SANITIZE=false to include sanitized data
---

--- 2023-11-22T16:32:25.575Z debug
-- END CF API REQUEST
---

--- 2023-11-22T16:32:25.895Z debug
-- START CF API RESPONSE: OK 200
---

--- 2023-11-22T16:32:25.895Z debug
HEADERS: omitted; set WRANGLER_LOG_SANITIZE=false to include sanitized data
---

--- 2023-11-22T16:32:25.895Z debug
RESPONSE: omitted; set WRANGLER_LOG_SANITIZE=false to include sanitized data
---

--- 2023-11-22T16:32:25.895Z debug
-- END CF API RESPONSE
---

--- 2023-11-22T16:32:25.897Z log
Your worker has access to the following bindings:
- Durable Objects:
  - MEMORY: Memory
- AI:
  - Name: AI
---

--- 2023-11-22T16:32:25.904Z log
Total Upload: [32m91.58 KiB / gzip: 19.42 KiB[39m
---

--- 2023-11-22T16:32:25.905Z debug
-- START CF API REQUEST: PUT https://api.cloudflare.com/client/v4/accounts/d774efb67580065db389a53e38f58372/workers/scripts/cloudgentest?include_subdomain_availability=true&excludeScript=true
---

--- 2023-11-22T16:32:25.905Z debug
HEADERS: omitted; set WRANGLER_LOG_SANITIZE=false to include sanitized data
---

--- 2023-11-22T16:32:25.905Z debug
INIT: omitted; set WRANGLER_LOG_SANITIZE=false to include sanitized data
---

--- 2023-11-22T16:32:25.905Z debug
-- END CF API REQUEST
---

--- 2023-11-22T16:32:28.006Z debug
-- START CF API RESPONSE: OK 200
---

--- 2023-11-22T16:32:28.006Z debug
HEADERS: omitted; set WRANGLER_LOG_SANITIZE=false to include sanitized data
---

--- 2023-11-22T16:32:28.006Z debug
RESPONSE: omitted; set WRANGLER_LOG_SANITIZE=false to include sanitized data
---

--- 2023-11-22T16:32:28.006Z debug
-- END CF API RESPONSE
---

--- 2023-11-22T16:32:28.007Z debug
-- START CF API REQUEST: GET https://api.cloudflare.com/client/v4/accounts/d774efb67580065db389a53e38f58372/workers/subdomain
---

--- 2023-11-22T16:32:28.007Z debug
HEADERS: omitted; set WRANGLER_LOG_SANITIZE=false to include sanitized data
---

--- 2023-11-22T16:32:28.007Z debug
INIT: omitted; set WRANGLER_LOG_SANITIZE=false to include sanitized data
---

--- 2023-11-22T16:32:28.007Z debug
-- END CF API REQUEST
---

--- 2023-11-22T16:32:28.184Z debug
-- START CF API RESPONSE: OK 200
---

--- 2023-11-22T16:32:28.184Z debug
HEADERS: omitted; set WRANGLER_LOG_SANITIZE=false to include sanitized data
---

--- 2023-11-22T16:32:28.184Z debug
RESPONSE: omitted; set WRANGLER_LOG_SANITIZE=false to include sanitized data
---

--- 2023-11-22T16:32:28.184Z debug
-- END CF API RESPONSE
---

--- 2023-11-22T16:32:28.184Z log
Uploaded cloudgentest (2.45 sec)
---

--- 2023-11-22T16:32:28.184Z log
Published cloudgentest (0.18 sec)
---

--- 2023-11-22T16:32:28.184Z log
  https://cloudgentest.azule.workers.dev
---

--- 2023-11-22T16:32:28.184Z log
Current Deployment ID: 381a24f1-2f16-4831-8d9f-3e7012eec2bf
---
