
--- 2023-11-22T16:42:05.853Z debug
🐛 Writing logs to ".wrangler/logs/wrangler-2023-11-22_16-42-05_779.log"
---

--- 2023-11-22T16:42:05.852Z debug
Failed to load .env file ".env": Error: ENOENT: no such file or directory, open '.env'
    at Object.openSync (node:fs:581:18)
    at Object.readFileSync (node:fs:457:35)
    at tryLoadDotEnv (/Users/logangrasby/.nvm/versions/node/v21.1.0/lib/node_modules/wrangler/wrangler-dist/cli.js:122671:72)
    at loadDotEnv (/Users/logangrasby/.nvm/versions/node/v21.1.0/lib/node_modules/wrangler/wrangler-dist/cli.js:122680:12)
    at /Users/logangrasby/.nvm/versions/node/v21.1.0/lib/node_modules/wrangler/wrangler-dist/cli.js:146614:20
    at /Users/logangrasby/.nvm/versions/node/v21.1.0/lib/node_modules/wrangler/wrangler-dist/cli.js:130116:16
    at maybeAsyncResult (/Users/logangrasby/.nvm/versions/node/v21.1.0/lib/node_modules/wrangler/wrangler-dist/cli.js:128337:44)
    at /Users/logangrasby/.nvm/versions/node/v21.1.0/lib/node_modules/wrangler/wrangler-dist/cli.js:130115:14
    at /Users/logangrasby/.nvm/versions/node/v21.1.0/lib/node_modules/wrangler/wrangler-dist/cli.js:128324:22
    at Array.reduce (<anonymous>) {
  errno: -2,
  code: 'ENOENT',
  syscall: 'open',
  path: '.env'
}
---

--- 2023-11-22T16:42:05.858Z log
 ⛅️ wrangler 3.17.0
[38;2;255;136;0m-------------------[39m
---

--- 2023-11-22T16:42:05.885Z debug
Retrieving cached values for userId from ../node_modules/.cache/wrangler
---

--- 2023-11-22T16:42:05.885Z debug
Metrics dispatcher: Dispatching disabled - would have sent {"type":"event","name":"deploy worker script","properties":{"usesTypeScript":false}}.
---

--- 2023-11-22T16:42:05.886Z debug
-- START CF API REQUEST: GET https://api.cloudflare.com/client/v4/accounts/d774efb67580065db389a53e38f58372/workers/standard
---

--- 2023-11-22T16:42:05.886Z debug
HEADERS: omitted; set WRANGLER_LOG_SANITIZE=false to include sanitized data
---

--- 2023-11-22T16:42:05.886Z debug
INIT: omitted; set WRANGLER_LOG_SANITIZE=false to include sanitized data
---

--- 2023-11-22T16:42:05.886Z debug
-- END CF API REQUEST
---

--- 2023-11-22T16:42:06.483Z debug
-- START CF API RESPONSE: OK 200
---

--- 2023-11-22T16:42:06.484Z debug
HEADERS: omitted; set WRANGLER_LOG_SANITIZE=false to include sanitized data
---

--- 2023-11-22T16:42:06.484Z debug
RESPONSE: omitted; set WRANGLER_LOG_SANITIZE=false to include sanitized data
---

--- 2023-11-22T16:42:06.484Z debug
-- END CF API RESPONSE
---

--- 2023-11-22T16:42:06.484Z debug
-- START CF API REQUEST: GET https://api.cloudflare.com/client/v4/accounts/d774efb67580065db389a53e38f58372/workers/services/cloudgentest
---

--- 2023-11-22T16:42:06.484Z debug
HEADERS: omitted; set WRANGLER_LOG_SANITIZE=false to include sanitized data
---

--- 2023-11-22T16:42:06.484Z debug
INIT: omitted; set WRANGLER_LOG_SANITIZE=false to include sanitized data
---

--- 2023-11-22T16:42:06.484Z debug
-- END CF API REQUEST
---

--- 2023-11-22T16:42:06.725Z debug
-- START CF API RESPONSE: OK 200
---

--- 2023-11-22T16:42:06.725Z debug
HEADERS: omitted; set WRANGLER_LOG_SANITIZE=false to include sanitized data
---

--- 2023-11-22T16:42:06.725Z debug
RESPONSE: omitted; set WRANGLER_LOG_SANITIZE=false to include sanitized data
---

--- 2023-11-22T16:42:06.725Z debug
-- END CF API RESPONSE
---

--- 2023-11-22T16:42:06.752Z debug
-- START CF API REQUEST: GET https://api.cloudflare.com/client/v4/accounts/d774efb67580065db389a53e38f58372/workers/scripts
---

--- 2023-11-22T16:42:06.752Z debug
HEADERS: omitted; set WRANGLER_LOG_SANITIZE=false to include sanitized data
---

--- 2023-11-22T16:42:06.752Z debug
INIT: omitted; set WRANGLER_LOG_SANITIZE=false to include sanitized data
---

--- 2023-11-22T16:42:06.752Z debug
-- END CF API REQUEST
---

--- 2023-11-22T16:42:07.036Z debug
-- START CF API RESPONSE: OK 200
---

--- 2023-11-22T16:42:07.037Z debug
HEADERS: omitted; set WRANGLER_LOG_SANITIZE=false to include sanitized data
---

--- 2023-11-22T16:42:07.037Z debug
RESPONSE: omitted; set WRANGLER_LOG_SANITIZE=false to include sanitized data
---

--- 2023-11-22T16:42:07.037Z debug
-- END CF API RESPONSE
---

--- 2023-11-22T16:42:07.039Z log
Your worker has access to the following bindings:
- Durable Objects:
  - MEMORY: Memory
- AI:
  - Name: AI
---

--- 2023-11-22T16:42:07.045Z log
Total Upload: [32m91.65 KiB / gzip: 19.44 KiB[39m
---

--- 2023-11-22T16:42:07.046Z debug
-- START CF API REQUEST: PUT https://api.cloudflare.com/client/v4/accounts/d774efb67580065db389a53e38f58372/workers/scripts/cloudgentest?include_subdomain_availability=true&excludeScript=true
---

--- 2023-11-22T16:42:07.046Z debug
HEADERS: omitted; set WRANGLER_LOG_SANITIZE=false to include sanitized data
---

--- 2023-11-22T16:42:07.046Z debug
INIT: omitted; set WRANGLER_LOG_SANITIZE=false to include sanitized data
---

--- 2023-11-22T16:42:07.046Z debug
-- END CF API REQUEST
---

--- 2023-11-22T16:42:09.111Z debug
-- START CF API RESPONSE: OK 200
---

--- 2023-11-22T16:42:09.112Z debug
HEADERS: omitted; set WRANGLER_LOG_SANITIZE=false to include sanitized data
---

--- 2023-11-22T16:42:09.112Z debug
RESPONSE: omitted; set WRANGLER_LOG_SANITIZE=false to include sanitized data
---

--- 2023-11-22T16:42:09.112Z debug
-- END CF API RESPONSE
---

--- 2023-11-22T16:42:09.114Z debug
-- START CF API REQUEST: GET https://api.cloudflare.com/client/v4/accounts/d774efb67580065db389a53e38f58372/workers/subdomain
---

--- 2023-11-22T16:42:09.115Z debug
HEADERS: omitted; set WRANGLER_LOG_SANITIZE=false to include sanitized data
---

--- 2023-11-22T16:42:09.115Z debug
INIT: omitted; set WRANGLER_LOG_SANITIZE=false to include sanitized data
---

--- 2023-11-22T16:42:09.115Z debug
-- END CF API REQUEST
---

--- 2023-11-22T16:42:09.353Z debug
-- START CF API RESPONSE: OK 200
---

--- 2023-11-22T16:42:09.354Z debug
HEADERS: omitted; set WRANGLER_LOG_SANITIZE=false to include sanitized data
---

--- 2023-11-22T16:42:09.354Z debug
RESPONSE: omitted; set WRANGLER_LOG_SANITIZE=false to include sanitized data
---

--- 2023-11-22T16:42:09.354Z debug
-- END CF API RESPONSE
---

--- 2023-11-22T16:42:09.354Z log
Uploaded cloudgentest (2.39 sec)
---

--- 2023-11-22T16:42:09.354Z log
Published cloudgentest (0.24 sec)
---

--- 2023-11-22T16:42:09.354Z log
  https://cloudgentest.azule.workers.dev
---

--- 2023-11-22T16:42:09.354Z log
Current Deployment ID: 3b786691-519b-453b-834a-866cec4744c0
---
