
--- 2023-11-22T16:46:37.266Z debug
🐛 Writing logs to ".wrangler/logs/wrangler-2023-11-22_16-46-37_208.log"
---

--- 2023-11-22T16:46:37.266Z debug
Failed to load .env file ".env": Error: ENOENT: no such file or directory, open '.env'
    at Object.openSync (node:fs:581:18)
    at Object.readFileSync (node:fs:457:35)
    at tryLoadDotEnv (/Users/logangrasby/.nvm/versions/node/v21.1.0/lib/node_modules/wrangler/wrangler-dist/cli.js:122671:72)
    at loadDotEnv (/Users/logangrasby/.nvm/versions/node/v21.1.0/lib/node_modules/wrangler/wrangler-dist/cli.js:122680:12)
    at /Users/logangrasby/.nvm/versions/node/v21.1.0/lib/node_modules/wrangler/wrangler-dist/cli.js:146614:20
    at /Users/logangrasby/.nvm/versions/node/v21.1.0/lib/node_modules/wrangler/wrangler-dist/cli.js:130116:16
    at maybeAsyncResult (/Users/logangrasby/.nvm/versions/node/v21.1.0/lib/node_modules/wrangler/wrangler-dist/cli.js:128337:44)
    at /Users/logangrasby/.nvm/versions/node/v21.1.0/lib/node_modules/wrangler/wrangler-dist/cli.js:130115:14
    at /Users/logangrasby/.nvm/versions/node/v21.1.0/lib/node_modules/wrangler/wrangler-dist/cli.js:128324:22
    at Array.reduce (<anonymous>) {
  errno: -2,
  code: 'ENOENT',
  syscall: 'open',
  path: '.env'
}
---

--- 2023-11-22T16:46:37.271Z log
 ⛅️ wrangler 3.17.0
[38;2;255;136;0m-------------------[39m
---

--- 2023-11-22T16:46:37.280Z debug
Retrieving cached values for userId from ../node_modules/.cache/wrangler
---

--- 2023-11-22T16:46:37.280Z debug
Metrics dispatcher: Dispatching disabled - would have sent {"type":"event","name":"deploy worker script","properties":{"usesTypeScript":false}}.
---

--- 2023-11-22T16:46:37.280Z debug
-- START CF API REQUEST: GET https://api.cloudflare.com/client/v4/accounts/d774efb67580065db389a53e38f58372/workers/standard
---

--- 2023-11-22T16:46:37.280Z debug
HEADERS: omitted; set WRANGLER_LOG_SANITIZE=false to include sanitized data
---

--- 2023-11-22T16:46:37.280Z debug
INIT: omitted; set WRANGLER_LOG_SANITIZE=false to include sanitized data
---

--- 2023-11-22T16:46:37.280Z debug
-- END CF API REQUEST
---

--- 2023-11-22T16:46:37.850Z debug
-- START CF API RESPONSE: OK 200
---

--- 2023-11-22T16:46:37.851Z debug
HEADERS: omitted; set WRANGLER_LOG_SANITIZE=false to include sanitized data
---

--- 2023-11-22T16:46:37.851Z debug
RESPONSE: omitted; set WRANGLER_LOG_SANITIZE=false to include sanitized data
---

--- 2023-11-22T16:46:37.851Z debug
-- END CF API RESPONSE
---

--- 2023-11-22T16:46:37.852Z debug
-- START CF API REQUEST: GET https://api.cloudflare.com/client/v4/accounts/d774efb67580065db389a53e38f58372/workers/services/cloudgentest
---

--- 2023-11-22T16:46:37.852Z debug
HEADERS: omitted; set WRANGLER_LOG_SANITIZE=false to include sanitized data
---

--- 2023-11-22T16:46:37.852Z debug
INIT: omitted; set WRANGLER_LOG_SANITIZE=false to include sanitized data
---

--- 2023-11-22T16:46:37.852Z debug
-- END CF API REQUEST
---

--- 2023-11-22T16:46:38.055Z debug
-- START CF API RESPONSE: OK 200
---

--- 2023-11-22T16:46:38.055Z debug
HEADERS: omitted; set WRANGLER_LOG_SANITIZE=false to include sanitized data
---

--- 2023-11-22T16:46:38.055Z debug
RESPONSE: omitted; set WRANGLER_LOG_SANITIZE=false to include sanitized data
---

--- 2023-11-22T16:46:38.055Z debug
-- END CF API RESPONSE
---

--- 2023-11-22T16:46:38.071Z debug
-- START CF API REQUEST: GET https://api.cloudflare.com/client/v4/accounts/d774efb67580065db389a53e38f58372/workers/scripts
---

--- 2023-11-22T16:46:38.071Z debug
HEADERS: omitted; set WRANGLER_LOG_SANITIZE=false to include sanitized data
---

--- 2023-11-22T16:46:38.071Z debug
INIT: omitted; set WRANGLER_LOG_SANITIZE=false to include sanitized data
---

--- 2023-11-22T16:46:38.071Z debug
-- END CF API REQUEST
---

--- 2023-11-22T16:46:38.266Z debug
-- START CF API RESPONSE: OK 200
---

--- 2023-11-22T16:46:38.267Z debug
HEADERS: omitted; set WRANGLER_LOG_SANITIZE=false to include sanitized data
---

--- 2023-11-22T16:46:38.267Z debug
RESPONSE: omitted; set WRANGLER_LOG_SANITIZE=false to include sanitized data
---

--- 2023-11-22T16:46:38.267Z debug
-- END CF API RESPONSE
---

--- 2023-11-22T16:46:38.269Z log
Your worker has access to the following bindings:
- Durable Objects:
  - MEMORY: Memory
- AI:
  - Name: AI
---

--- 2023-11-22T16:46:38.275Z log
Total Upload: [32m91.71 KiB / gzip: 19.45 KiB[39m
---

--- 2023-11-22T16:46:38.275Z debug
-- START CF API REQUEST: PUT https://api.cloudflare.com/client/v4/accounts/d774efb67580065db389a53e38f58372/workers/scripts/cloudgentest?include_subdomain_availability=true&excludeScript=true
---

--- 2023-11-22T16:46:38.275Z debug
HEADERS: omitted; set WRANGLER_LOG_SANITIZE=false to include sanitized data
---

--- 2023-11-22T16:46:38.275Z debug
INIT: omitted; set WRANGLER_LOG_SANITIZE=false to include sanitized data
---

--- 2023-11-22T16:46:38.275Z debug
-- END CF API REQUEST
---

--- 2023-11-22T16:46:39.721Z debug
-- START CF API RESPONSE: OK 200
---

--- 2023-11-22T16:46:39.721Z debug
HEADERS: omitted; set WRANGLER_LOG_SANITIZE=false to include sanitized data
---

--- 2023-11-22T16:46:39.721Z debug
RESPONSE: omitted; set WRANGLER_LOG_SANITIZE=false to include sanitized data
---

--- 2023-11-22T16:46:39.721Z debug
-- END CF API RESPONSE
---

--- 2023-11-22T16:46:39.724Z debug
-- START CF API REQUEST: GET https://api.cloudflare.com/client/v4/accounts/d774efb67580065db389a53e38f58372/workers/subdomain
---

--- 2023-11-22T16:46:39.724Z debug
HEADERS: omitted; set WRANGLER_LOG_SANITIZE=false to include sanitized data
---

--- 2023-11-22T16:46:39.724Z debug
INIT: omitted; set WRANGLER_LOG_SANITIZE=false to include sanitized data
---

--- 2023-11-22T16:46:39.724Z debug
-- END CF API REQUEST
---

--- 2023-11-22T16:46:39.896Z debug
-- START CF API RESPONSE: OK 200
---

--- 2023-11-22T16:46:39.896Z debug
HEADERS: omitted; set WRANGLER_LOG_SANITIZE=false to include sanitized data
---

--- 2023-11-22T16:46:39.896Z debug
RESPONSE: omitted; set WRANGLER_LOG_SANITIZE=false to include sanitized data
---

--- 2023-11-22T16:46:39.896Z debug
-- END CF API RESPONSE
---

--- 2023-11-22T16:46:39.896Z log
Uploaded cloudgentest (1.67 sec)
---

--- 2023-11-22T16:46:39.896Z log
Published cloudgentest (0.17 sec)
---

--- 2023-11-22T16:46:39.896Z log
  https://cloudgentest.azule.workers.dev
---

--- 2023-11-22T16:46:39.896Z log
Current Deployment ID: cfe4a1c3-68d4-478d-b9b3-487eb83a07e3
---
